<?xml version="1.0" encoding="UTF-8"?>
<testsuite xmlns:xsi="http://www.w3.org/2001/XMLSchema-instance" xsi:noNamespaceSchemaLocation="https://maven.apache.org/surefire/maven-surefire-plugin/xsd/surefire-test-report.xsd" name="com.spotifindafriend.hw6.AppTest" time="4.158" tests="3" errors="0" skipped="0" failures="0">
  <properties>
[...]
</properties>
  <testcase name="shouldThrowExceptionWithInvalidLoginLastFM" classname="com.spotifindafriend.hw6.AppTest" time="0.19"/>
  <testcase name="shouldThrowExceptionWithInvalidLoginSpotify" classname="com.spotifindafriend.hw6.AppTest" time="0.727"/>
  <testcase name="shouldBeSuccessfulWithValidUser" classname="com.spotifindafriend.hw6.AppTest" time="3.203"/>
</testsuite>